{
	"path": "D:\Matteo\Learning\Uni\UniGe\III-anno\f1_project\registration.php",
	"error_code": "-1",
 	"error_message": "Date of birth pattern NOT valid."
},
{
	"path": "D:\Matteo\Learning\Uni\UniGe\III-anno\f1_project\registration.php",
	"error_code": "-1",
 	"error_message": "Input fields NOT provided."
},
{
	"path": "D:\Matteo\Learning\Uni\UniGe\III-anno\f1_project\registration.php",
	"error_code": "-1",
 	"error_message": "Date of birth pattern NOT valid."
},
{
	"path": "D:\Matteo\Learning\Uni\UniGe\III-anno\f1_project\registration.php",
	"error_code": "-1",
 	"error_message": "Date of birth pattern NOT valid."
},
{
	"path": "D:\Matteo\Learning\Uni\UniGe\III-anno\f1_project\private.php",
	"error_code": "401",
 	"error_message": "not_authorized"
},
